<?xml version="1.0" encoding="UTF-8" standalone="no"?>
<!DOCTYPE log SYSTEM "logger.dtd">
<log>
<record>
  <date>2019-03-28T14:34:59.932-0300</date>
  <logger>NATAN ATAIDE DE SOUZA</logger>
  <level>FINE</level>
  <message>File 118110521-NATAN ATAIDE DE SOUZA.zip was received. It was sent by NATAN ATAIDE DE SOUZA from IP 150.165.42.181</message>
</record>
</log>
<?xml version="1.0" encoding="UTF-8" standalone="no"?>
<!DOCTYPE log SYSTEM "logger.dtd">
<log>
<record>
  <date>2019-03-28T22:36:57.029-0300</date>
  <logger>NATAN ATAIDE DE SOUZA</logger>
  <level>FINE</level>
  <message>File 118110521-NATAN ATAIDE DE SOUZA.zip was received. It was sent by NATAN ATAIDE DE SOUZA from IP 192.168.1.102</message>
</record>
</log>
<?xml version="1.0" encoding="UTF-8" standalone="no"?>
<!DOCTYPE log SYSTEM "logger.dtd">
<log>
<record>
  <date>2019-03-28T22:40:35.956-0300</date>
  <logger>NATAN ATAIDE DE SOUZA</logger>
  <level>FINE</level>
  <message>File 118110521-NATAN ATAIDE DE SOUZA.zip was received. It was sent by NATAN ATAIDE DE SOUZA from IP 192.168.1.102</message>
</record>
