<?xml version="1.0" encoding="UTF-8" standalone="no"?>
<!DOCTYPE log SYSTEM "logger.dtd">
<log>
<record>
  <date>2019-05-06T16:10:57.300-0300</date>
  <logger>NATAN ATAIDE DE SOUZA</logger>
  <level>FINE</level>
  <message>File 118110521-NATAN ATAIDE DE SOUZA.zip was received. It was sent by NATAN ATAIDE DE SOUZA from IP 150.165.42.206 at 06-05-2019 16*10*57</message>
</record>
</log>
<?xml version="1.0" encoding="UTF-8" standalone="no"?>
<!DOCTYPE log SYSTEM "logger.dtd">
<log>
<record>
  <date>2019-05-06T22:44:00.875-0300</date>
  <logger>NATAN ATAIDE DE SOUZA</logger>
  <level>FINE</level>
  <message>File 118110521-NATAN ATAIDE DE SOUZA.zip was received. It was sent by NATAN ATAIDE DE SOUZA from IP 192.168.1.101 at 06-05-2019 22*44*00</message>
</record>
</log>
<?xml version="1.0" encoding="UTF-8" standalone="no"?>
<!DOCTYPE log SYSTEM "logger.dtd">
<log>
<record>
  <date>2019-05-06T22:54:45.463-0300</date>
  <logger>NATAN ATAIDE DE SOUZA</logger>
  <level>FINE</level>
  <message>File 118110521-NATAN ATAIDE DE SOUZA.zip was received. It was sent by NATAN ATAIDE DE SOUZA from IP 192.168.1.101 at 06-05-2019 22*54*45</message>
</record>
