<?xml version="1.0" encoding="UTF-8" standalone="no"?>
<!DOCTYPE log SYSTEM "logger.dtd">
<log>
<record>
  <date>2019-05-27T16:30:05.701-0300</date>
  <logger>NATAN ATAIDE DE SOUZA</logger>
  <level>FINE</level>
  <message>File 118110521-NATAN ATAIDE DE SOUZA.zip was received. It was sent by NATAN ATAIDE DE SOUZA from IP 150.165.42.212 at 27-05-2019 16*30*05</message>
</record>
</log>
<?xml version="1.0" encoding="UTF-8" standalone="no"?>
<!DOCTYPE log SYSTEM "logger.dtd">
<log>
<record>
  <date>2019-05-27T21:35:28.002-0300</date>
  <logger>NATAN ATAIDE DE SOUZA</logger>
  <level>FINE</level>
  <message>File 118110521-NATAN ATAIDE DE SOUZA.zip was received. It was sent by NATAN ATAIDE DE SOUZA from IP 192.168.1.102 at 27-05-2019 21*35*27</message>
</record>
</log>
<?xml version="1.0" encoding="UTF-8" standalone="no"?>
<!DOCTYPE log SYSTEM "logger.dtd">
<log>
<record>
  <date>2019-05-27T21:36:35.439-0300</date>
  <logger>NATAN ATAIDE DE SOUZA</logger>
  <level>FINE</level>
  <message>File 118110521-NATAN ATAIDE DE SOUZA.zip was received. It was sent by NATAN ATAIDE DE SOUZA from IP 192.168.1.102 at 27-05-2019 21*36*35</message>
</record>
</log>
<?xml version="1.0" encoding="UTF-8" standalone="no"?>
<!DOCTYPE log SYSTEM "logger.dtd">
<log>
<record>
  <date>2019-05-27T21:39:48.126-0300</date>
  <logger>NATAN ATAIDE DE SOUZA</logger>
  <level>FINE</level>
  <message>File 118110521-NATAN ATAIDE DE SOUZA.zip was received. It was sent by NATAN ATAIDE DE SOUZA from IP 192.168.1.102 at 27-05-2019 21*39*48</message>
</record>
