<?xml version="1.0" encoding="UTF-8" standalone="no"?>
<!DOCTYPE log SYSTEM "logger.dtd">
<log>
<record>
  <date>2019-06-03T16:22:03.023-0300</date>
  <logger>NATAN ATAIDE DE SOUZA</logger>
  <level>FINE</level>
  <message>File 118110521-NATAN ATAIDE DE SOUZA.zip was received. It was sent by NATAN ATAIDE DE SOUZA from IP 150.165.42.211 at 03-06-2019 16*22*03</message>
</record>
</log>
<?xml version="1.0" encoding="UTF-8" standalone="no"?>
<!DOCTYPE log SYSTEM "logger.dtd">
<log>
<record>
  <date>2019-06-03T21:58:54.196-0300</date>
  <logger>NATAN ATAIDE DE SOUZA</logger>
  <level>FINE</level>
  <message>File 118110521-NATAN ATAIDE DE SOUZA.zip was received. It was sent by NATAN ATAIDE DE SOUZA from IP 192.168.1.102 at 03-06-2019 21*58*54</message>
</record>
</log>
<?xml version="1.0" encoding="UTF-8" standalone="no"?>
<!DOCTYPE log SYSTEM "logger.dtd">
<log>
<record>
  <date>2019-06-03T22:01:31.670-0300</date>
  <logger>NATAN ATAIDE DE SOUZA</logger>
  <level>FINE</level>
  <message>File 118110521-NATAN ATAIDE DE SOUZA.zip was received. It was sent by NATAN ATAIDE DE SOUZA from IP 192.168.1.102 at 03-06-2019 22*01*31</message>
</record>
